<?xml version="1.0" encoding="UTF-8" ?>
<testsuite failures="1" time="146.094" errors="0" skipped="0" tests="2" name="TestSuite">
  <properties>
[...]
</properties>
  <testcase time="30.664" classname="tests.tests.ProfilePageTest" name="sendMessageTest"/>
  <testcase time="56.316" classname="tests.tests.ProfilePageTest" name="updateUserInfoTest">
    <failure message="expected [true] but found [false]" type="java.lang.AssertionError">java.lang.AssertionError: expected [true] but found [false]
	at org.testng.Assert.fail(Assert.java:94)
	at org.testng.Assert.failNotEquals(Assert.java:494)
	at org.testng.Assert.assertTrue(Assert.java:42)
	at org.testng.Assert.assertTrue(Assert.java:52)
	at tests.tests.ProfilePageTest.VerifyImagesData(ProfilePageTest.java:107)
	at tests.tests.ProfilePageTest.updateUserInfoTest(ProfilePageTest.java:69)
</failure>
    <system-out>Web Driver initializes
Web Driver sets up timeouts
Web Driver deletes cokies
Web Driver maximizes window
1983-4-23
2012-4-19
Go to https://rawtale.com/
Verifying page title
Page title &apos;RawTale | The Leading Platform for Business Partnership&apos; is verified.
Clicking on link Sign in
Setting value into &quot;Email&quot; field 
Value &apos;t.s.smirnova@gmail.com&apos; is set 
Setting value into &quot;Password&quot; field 
Value &apos;987456&apos; is set 
Click on &quot;Sign in&quot; button 
Chat is closed
Go to Settings page
Verifying page title
Page title &apos;RawTale | The Leading Platform for Business Partnership&apos; is verified.
Required element &apos;EditProfileLink&apos; is displayed on page &apos;model.pages.PersonalSettingsPage&apos;
Click Edit Profile link
Verifying page title
Page title &apos;RawTale | The Leading Platform for Business Partnership&apos; is verified.
Required element &apos;FirstNameInput&apos; is displayed on page &apos;model.pages.EditProfilePage&apos;
Required element &apos;LastNameInput&apos; is displayed on page &apos;model.pages.EditProfilePage&apos;
Required element &apos;DescriptionInput&apos; is displayed on page &apos;model.pages.EditProfilePage&apos;
Required element &apos;LocationInput&apos; is displayed on page &apos;model.pages.EditProfilePage&apos;
Required element &apos;IndustryInput&apos; is displayed on page &apos;model.pages.EditProfilePage&apos;
Required element &apos;FacebookInput&apos; is displayed on page &apos;model.pages.EditProfilePage&apos;
Required element &apos;LinkedinInput&apos; is displayed on page &apos;model.pages.EditProfilePage&apos;
Required element &apos;AngelListInput&apos; is displayed on page &apos;model.pages.EditProfilePage&apos;
Required element &apos;TwitterInput&apos; is displayed on page &apos;model.pages.EditProfilePage&apos;
Required element &apos;GooglePlusInput&apos; is displayed on page &apos;model.pages.EditProfilePage&apos;
Required element &apos;SaveButton&apos; is displayed on page &apos;model.pages.EditProfilePage&apos;
Required element &apos;AddExperienceButton&apos; is displayed on page &apos;model.pages.EditProfilePage&apos;
Required element &apos;ChangeCoverImgButton&apos; is displayed on page &apos;model.pages.EditProfilePage&apos;
Required element &apos;CoverImgSrc&apos; is displayed on page &apos;model.pages.EditProfilePage&apos;
Required element &apos;ProfileImgSrc&apos; is displayed on page &apos;model.pages.EditProfilePage&apos;
Required element &apos;ChangeProfileImgButton&apos; is displayed on page &apos;model.pages.EditProfilePage&apos;
Setting value int &quot;First Name&quot; field
Value &apos;Fname 73bf6d4ba40&apos; is set 
Setting value int &quot;Last Name&quot; field
Value &apos;Lname 73bf6d4ba40&apos; is set 
Setting value int &quot;Description&quot; field
Value &apos;Description 73bf6d4ba40&apos; is set 
Setting value &apos;Marshall Islands&apos; int &quot;Location&quot; field
Setting value &apos;Education&apos; int &quot;Industry&quot; field
Setting value int &quot;Facebook&quot; field
Value &apos;fb.com/73bf6d4ba40&apos; is set 
Setting value int &quot;LinkedIn&quot; field
Value &apos;li.com/73bf6d4ba40&apos; is set 
Setting value int &quot;LinkedIn&quot; field
Value &apos;tw.com/73bf6d4ba40&apos; is set 
Setting value int &quot;LinkedIn&quot; field
Value &apos;g.com/73bf6d4ba40&apos; is set 
Setting value int &quot;LinkedIn&quot; field
Value &apos;al.com/73bf6d4ba40&apos; is set 
Save button was clicked
Getting result message text after click on Save
Success message is displayed
Refresh page
Getting User Data from page
&apos;1 experience instances is displayed
Remove link was clicked
Setting value int &quot;Company Name&quot; field
Value &apos;Company 73bf6d4ba40&apos; is set 
Setting value int &quot;Role&quot; field
Value &apos;Role 73bf6d4ba40&apos; is set 
Setting value int &quot;Start Date&quot; field
Value &apos;1983&apos; is set as Year
Value &apos;4&apos; is set as Month
Setting value int &quot;End Date&quot; field
Value &apos;2012&apos; is set as Year
Value &apos;4&apos; is set as Month
Setting value int &quot;Experience Description&quot; field
Value &apos;ExpDescription 73bf6d4ba40&apos; is set 
Cover image changed to &apos;C:\Users\Tatiana\IdeaProjects\Rawtale\coverimg1.png&apos;
Refresh page
Profile image changed to &apos;C:\Users\Tatiana\IdeaProjects\Rawtale\coverimg2.jpg&apos;
Refresh page
Getting User Data from page
Log Out
Verifying page title
Page title &apos;RawTale | The Leading Platform for Business Partnership&apos; is verified.
Clicking on link Sign in
Setting value into &quot;Email&quot; field 
Value &apos;t.s.smirnova@gmail.com&apos; is set 
Setting value into &quot;Password&quot; field 
Value &apos;987456&apos; is set 
Click on &quot;Sign in&quot; button 
Go to Settings page
Verifying page title
Page title &apos;RawTale | The Leading Platform for Business Partnership&apos; is verified.
Required element &apos;EditProfileLink&apos; is displayed on page &apos;model.pages.PersonalSettingsPage&apos;
Click Edit Profile link
Verifying page title
Page title &apos;RawTale | The Leading Platform for Business Partnership&apos; is verified.
Required element &apos;FirstNameInput&apos; is displayed on page &apos;model.pages.EditProfilePage&apos;
Required element &apos;LastNameInput&apos; is displayed on page &apos;model.pages.EditProfilePage&apos;
Required element &apos;DescriptionInput&apos; is displayed on page &apos;model.pages.EditProfilePage&apos;
Required element &apos;LocationInput&apos; is displayed on page &apos;model.pages.EditProfilePage&apos;
Required element &apos;IndustryInput&apos; is displayed on page &apos;model.pages.EditProfilePage&apos;
Required element &apos;FacebookInput&apos; is displayed on page &apos;model.pages.EditProfilePage&apos;
Required element &apos;LinkedinInput&apos; is displayed on page &apos;model.pages.EditProfilePage&apos;
Required element &apos;AngelListInput&apos; is displayed on page &apos;model.pages.EditProfilePage&apos;
Required element &apos;TwitterInput&apos; is displayed on page &apos;model.pages.EditProfilePage&apos;
Required element &apos;GooglePlusInput&apos; is displayed on page &apos;model.pages.EditProfilePage&apos;
Required element &apos;SaveButton&apos; is displayed on page &apos;model.pages.EditProfilePage&apos;
Required element &apos;AddExperienceButton&apos; is displayed on page &apos;model.pages.EditProfilePage&apos;
Required element &apos;ChangeCoverImgButton&apos; is displayed on page &apos;model.pages.EditProfilePage&apos;
Required element &apos;CoverImgSrc&apos; is displayed on page &apos;model.pages.EditProfilePage&apos;
Required element &apos;ProfileImgSrc&apos; is displayed on page &apos;model.pages.EditProfilePage&apos;
Required element &apos;ChangeProfileImgButton&apos; is displayed on page &apos;model.pages.EditProfilePage&apos;
Refresh page
Getting User Data from page
Getting count of Experience Instances
Checkin if Profile Img is visible
Checkin if Cover Img is visible
</system-out>
    <system-err>Starting ChromeDriver 2.20.353145 (343b531d31eeb933ec778dbcf7081628a1396067) on port 8528
Only local connections are allowed.
</system-err>
  </testcase>
</testsuite>